[0.058s] DEBUG:colcon:Command line arguments: ['/usr/bin/colcon', 'build']
[0.059s] DEBUG:colcon:Parsed command line arguments: Namespace(log_base=None, log_level=None, verb_name='build', build_base='build', install_base='install', merge_install=False, symlink_install=False, test_result_base=None, continue_on_error=False, executor='parallel', parallel_workers=20, event_handlers=None, ignore_user_meta=False, metas=['./colcon.meta'], base_paths=['.'], packages_ignore=None, packages_ignore_regex=None, paths=None, packages_up_to=None, packages_up_to_regex=None, packages_above=None, packages_above_and_dependencies=None, packages_above_depth=None, packages_select_by_dep=None, packages_skip_by_dep=None, packages_skip_up_to=None, packages_select_build_failed=False, packages_skip_build_finished=False, packages_select_test_failures=False, packages_skip_test_passed=False, packages_select=None, packages_skip=None, packages_select_regex=None, packages_skip_regex=None, packages_start=None, packages_end=None, allow_overriding=[], cmake_args=None, cmake_target=None, cmake_target_skip_unavailable=False, cmake_clean_cache=False, cmake_clean_first=False, cmake_force_configure=False, ament_cmake_args=None, catkin_cmake_args=None, catkin_skip_building_tests=False, verb_parser=<colcon_defaults.argument_parser.defaults.DefaultArgumentsDecorator object at 0x789c85064460>, verb_extension=<colcon_core.verb.build.BuildVerb object at 0x789c850335e0>, main=<bound method BuildVerb.main of <colcon_core.verb.build.BuildVerb object at 0x789c850335e0>>)
[0.149s] Level 1:colcon.colcon_core.package_discovery:discover_packages(colcon_meta) check parameters
[0.149s] Level 1:colcon.colcon_core.package_discovery:discover_packages(recursive) check parameters
[0.149s] Level 1:colcon.colcon_core.package_discovery:discover_packages(ignore) check parameters
[0.149s] Level 1:colcon.colcon_core.package_discovery:discover_packages(path) check parameters
[0.149s] Level 1:colcon.colcon_core.package_discovery:discover_packages(colcon_meta) discover
[0.149s] Level 1:colcon.colcon_core.package_discovery:discover_packages(recursive) discover
[0.149s] INFO:colcon.colcon_core.package_discovery:Crawling recursively for packages in '/home/wp/learn_ros/demos/use_camera_ws'
[0.149s] Level 1:colcon.colcon_core.package_identification:_identify(.) by extensions ['ignore', 'ignore_ament_install']
[0.149s] Level 1:colcon.colcon_core.package_identification:_identify(.) by extension 'ignore'
[0.149s] Level 1:colcon.colcon_core.package_identification:_identify(.) by extension 'ignore_ament_install'
[0.149s] Level 1:colcon.colcon_core.package_identification:_identify(.) by extensions ['colcon_pkg']
[0.149s] Level 1:colcon.colcon_core.package_identification:_identify(.) by extension 'colcon_pkg'
[0.149s] Level 1:colcon.colcon_core.package_identification:_identify(.) by extensions ['colcon_meta']
[0.149s] Level 1:colcon.colcon_core.package_identification:_identify(.) by extension 'colcon_meta'
[0.149s] Level 1:colcon.colcon_core.package_identification:_identify(.) by extensions ['ros']
[0.149s] Level 1:colcon.colcon_core.package_identification:_identify(.) by extension 'ros'
[0.156s] Level 1:colcon.colcon_core.package_identification:_identify(.) by extensions ['cmake', 'python']
[0.156s] Level 1:colcon.colcon_core.package_identification:_identify(.) by extension 'cmake'
[0.156s] Level 1:colcon.colcon_core.package_identification:_identify(.) by extension 'python'
[0.156s] Level 1:colcon.colcon_core.package_identification:_identify(.) by extensions ['python_setup_py']
[0.156s] Level 1:colcon.colcon_core.package_identification:_identify(.) by extension 'python_setup_py'
[0.156s] Level 1:colcon.colcon_core.package_identification:_identify(build) by extensions ['ignore', 'ignore_ament_install']
[0.156s] Level 1:colcon.colcon_core.package_identification:_identify(build) by extension 'ignore'
[0.156s] Level 1:colcon.colcon_core.package_identification:_identify(build) ignored
[0.156s] Level 1:colcon.colcon_core.package_identification:_identify(install) by extensions ['ignore', 'ignore_ament_install']
[0.156s] Level 1:colcon.colcon_core.package_identification:_identify(install) by extension 'ignore'
[0.156s] Level 1:colcon.colcon_core.package_identification:_identify(install) ignored
[0.156s] Level 1:colcon.colcon_core.package_identification:_identify(log) by extensions ['ignore', 'ignore_ament_install']
[0.156s] Level 1:colcon.colcon_core.package_identification:_identify(log) by extension 'ignore'
[0.157s] Level 1:colcon.colcon_core.package_identification:_identify(log) ignored
[0.157s] Level 1:colcon.colcon_core.package_identification:_identify(src) by extensions ['ignore', 'ignore_ament_install']
[0.157s] Level 1:colcon.colcon_core.package_identification:_identify(src) by extension 'ignore'
[0.157s] Level 1:colcon.colcon_core.package_identification:_identify(src) by extension 'ignore_ament_install'
[0.157s] Level 1:colcon.colcon_core.package_identification:_identify(src) by extensions ['colcon_pkg']
[0.157s] Level 1:colcon.colcon_core.package_identification:_identify(src) by extension 'colcon_pkg'
[0.157s] Level 1:colcon.colcon_core.package_identification:_identify(src) by extensions ['colcon_meta']
[0.157s] Level 1:colcon.colcon_core.package_identification:_identify(src) by extension 'colcon_meta'
[0.157s] Level 1:colcon.colcon_core.package_identification:_identify(src) by extensions ['ros']
[0.157s] Level 1:colcon.colcon_core.package_identification:_identify(src) by extension 'ros'
[0.157s] Level 1:colcon.colcon_core.package_identification:_identify(src) by extensions ['cmake', 'python']
[0.157s] Level 1:colcon.colcon_core.package_identification:_identify(src) by extension 'cmake'
[0.157s] Level 1:colcon.colcon_core.package_identification:_identify(src) by extension 'python'
[0.157s] Level 1:colcon.colcon_core.package_identification:_identify(src) by extensions ['python_setup_py']
[0.157s] Level 1:colcon.colcon_core.package_identification:_identify(src) by extension 'python_setup_py'
[0.157s] Level 1:colcon.colcon_core.package_identification:_identify(src/camera_reviewer) by extensions ['ignore', 'ignore_ament_install']
[0.157s] Level 1:colcon.colcon_core.package_identification:_identify(src/camera_reviewer) by extension 'ignore'
[0.157s] Level 1:colcon.colcon_core.package_identification:_identify(src/camera_reviewer) by extension 'ignore_ament_install'
[0.157s] Level 1:colcon.colcon_core.package_identification:_identify(src/camera_reviewer) by extensions ['colcon_pkg']
[0.157s] Level 1:colcon.colcon_core.package_identification:_identify(src/camera_reviewer) by extension 'colcon_pkg'
[0.157s] Level 1:colcon.colcon_core.package_identification:_identify(src/camera_reviewer) by extensions ['colcon_meta']
[0.157s] Level 1:colcon.colcon_core.package_identification:_identify(src/camera_reviewer) by extension 'colcon_meta'
[0.157s] Level 1:colcon.colcon_core.package_identification:_identify(src/camera_reviewer) by extensions ['ros']
[0.157s] Level 1:colcon.colcon_core.package_identification:_identify(src/camera_reviewer) by extension 'ros'
[0.158s] DEBUG:colcon.colcon_core.package_identification:Package 'src/camera_reviewer' with type 'ros.ament_python' and name 'camera_reviewer'
[0.159s] Level 1:colcon.colcon_core.package_identification:_identify(src/camera_vis) by extensions ['ignore', 'ignore_ament_install']
[0.159s] Level 1:colcon.colcon_core.package_identification:_identify(src/camera_vis) by extension 'ignore'
[0.159s] Level 1:colcon.colcon_core.package_identification:_identify(src/camera_vis) by extension 'ignore_ament_install'
[0.159s] Level 1:colcon.colcon_core.package_identification:_identify(src/camera_vis) by extensions ['colcon_pkg']
[0.159s] Level 1:colcon.colcon_core.package_identification:_identify(src/camera_vis) by extension 'colcon_pkg'
[0.159s] Level 1:colcon.colcon_core.package_identification:_identify(src/camera_vis) by extensions ['colcon_meta']
[0.159s] Level 1:colcon.colcon_core.package_identification:_identify(src/camera_vis) by extension 'colcon_meta'
[0.159s] Level 1:colcon.colcon_core.package_identification:_identify(src/camera_vis) by extensions ['ros']
[0.159s] Level 1:colcon.colcon_core.package_identification:_identify(src/camera_vis) by extension 'ros'
[0.159s] DEBUG:colcon.colcon_core.package_identification:Package 'src/camera_vis' with type 'ros.ament_python' and name 'camera_vis'
[0.159s] Level 1:colcon.colcon_core.package_discovery:discover_packages(recursive) using defaults
[0.159s] Level 1:colcon.colcon_core.package_discovery:discover_packages(ignore) discover
[0.159s] Level 1:colcon.colcon_core.package_discovery:discover_packages(ignore) using defaults
[0.159s] Level 1:colcon.colcon_core.package_discovery:discover_packages(path) discover
[0.159s] Level 1:colcon.colcon_core.package_discovery:discover_packages(path) using defaults
[0.176s] Level 1:colcon.colcon_core.package_discovery:discover_packages(prefix_path) check parameters
[0.176s] Level 1:colcon.colcon_core.package_discovery:discover_packages(prefix_path) discover
[0.178s] DEBUG:colcon.colcon_installed_package_information.package_discovery:Found 387 installed packages in /opt/ros/humble
[0.179s] Level 1:colcon.colcon_core.package_discovery:discover_packages(prefix_path) using defaults
[0.204s] Level 5:colcon.colcon_core.verb:set package 'camera_reviewer' build argument 'cmake_args' from command line to 'None'
[0.204s] Level 5:colcon.colcon_core.verb:set package 'camera_reviewer' build argument 'cmake_target' from command line to 'None'
[0.204s] Level 5:colcon.colcon_core.verb:set package 'camera_reviewer' build argument 'cmake_target_skip_unavailable' from command line to 'False'
[0.204s] Level 5:colcon.colcon_core.verb:set package 'camera_reviewer' build argument 'cmake_clean_cache' from command line to 'False'
[0.204s] Level 5:colcon.colcon_core.verb:set package 'camera_reviewer' build argument 'cmake_clean_first' from command line to 'False'
[0.204s] Level 5:colcon.colcon_core.verb:set package 'camera_reviewer' build argument 'cmake_force_configure' from command line to 'False'
[0.204s] Level 5:colcon.colcon_core.verb:set package 'camera_reviewer' build argument 'ament_cmake_args' from command line to 'None'
[0.204s] Level 5:colcon.colcon_core.verb:set package 'camera_reviewer' build argument 'catkin_cmake_args' from command line to 'None'
[0.204s] Level 5:colcon.colcon_core.verb:set package 'camera_reviewer' build argument 'catkin_skip_building_tests' from command line to 'False'
[0.204s] DEBUG:colcon.colcon_core.verb:Building package 'camera_reviewer' with the following arguments: {'ament_cmake_args': None, 'build_base': '/home/wp/learn_ros/demos/use_camera_ws/build/camera_reviewer', 'catkin_cmake_args': None, 'catkin_skip_building_tests': False, 'cmake_args': None, 'cmake_clean_cache': False, 'cmake_clean_first': False, 'cmake_force_configure': False, 'cmake_target': None, 'cmake_target_skip_unavailable': False, 'install_base': '/home/wp/learn_ros/demos/use_camera_ws/install/camera_reviewer', 'merge_install': False, 'path': '/home/wp/learn_ros/demos/use_camera_ws/src/camera_reviewer', 'symlink_install': False, 'test_result_base': None}
[0.204s] Level 5:colcon.colcon_core.verb:set package 'camera_vis' build argument 'cmake_args' from command line to 'None'
[0.204s] Level 5:colcon.colcon_core.verb:set package 'camera_vis' build argument 'cmake_target' from command line to 'None'
[0.204s] Level 5:colcon.colcon_core.verb:set package 'camera_vis' build argument 'cmake_target_skip_unavailable' from command line to 'False'
[0.204s] Level 5:colcon.colcon_core.verb:set package 'camera_vis' build argument 'cmake_clean_cache' from command line to 'False'
[0.204s] Level 5:colcon.colcon_core.verb:set package 'camera_vis' build argument 'cmake_clean_first' from command line to 'False'
[0.204s] Level 5:colcon.colcon_core.verb:set package 'camera_vis' build argument 'cmake_force_configure' from command line to 'False'
[0.204s] Level 5:colcon.colcon_core.verb:set package 'camera_vis' build argument 'ament_cmake_args' from command line to 'None'
[0.204s] Level 5:colcon.colcon_core.verb:set package 'camera_vis' build argument 'catkin_cmake_args' from command line to 'None'
[0.204s] Level 5:colcon.colcon_core.verb:set package 'camera_vis' build argument 'catkin_skip_building_tests' from command line to 'False'
[0.204s] DEBUG:colcon.colcon_core.verb:Building package 'camera_vis' with the following arguments: {'ament_cmake_args': None, 'build_base': '/home/wp/learn_ros/demos/use_camera_ws/build/camera_vis', 'catkin_cmake_args': None, 'catkin_skip_building_tests': False, 'cmake_args': None, 'cmake_clean_cache': False, 'cmake_clean_first': False, 'cmake_force_configure': False, 'cmake_target': None, 'cmake_target_skip_unavailable': False, 'install_base': '/home/wp/learn_ros/demos/use_camera_ws/install/camera_vis', 'merge_install': False, 'path': '/home/wp/learn_ros/demos/use_camera_ws/src/camera_vis', 'symlink_install': False, 'test_result_base': None}
[0.205s] INFO:colcon.colcon_core.executor:Executing jobs using 'parallel' executor
[0.206s] DEBUG:colcon.colcon_parallel_executor.executor.parallel:run_until_complete
[0.206s] INFO:colcon.colcon_ros.task.ament_python.build:Building ROS package in '/home/wp/learn_ros/demos/use_camera_ws/src/camera_reviewer' with build type 'ament_python'
[0.206s] Level 1:colcon.colcon_core.shell:create_environment_hook('camera_reviewer', 'ament_prefix_path')
[0.207s] INFO:colcon.colcon_core.plugin_system:Skipping extension 'colcon_core.shell.bat': Not used on non-Windows systems
[0.207s] INFO:colcon.colcon_core.shell:Creating environment hook '/home/wp/learn_ros/demos/use_camera_ws/install/camera_reviewer/share/camera_reviewer/hook/ament_prefix_path.ps1'
[0.208s] INFO:colcon.colcon_core.shell:Creating environment descriptor '/home/wp/learn_ros/demos/use_camera_ws/install/camera_reviewer/share/camera_reviewer/hook/ament_prefix_path.dsv'
[0.208s] INFO:colcon.colcon_core.shell:Creating environment hook '/home/wp/learn_ros/demos/use_camera_ws/install/camera_reviewer/share/camera_reviewer/hook/ament_prefix_path.sh'
[0.208s] INFO:colcon.colcon_core.shell:Skip shell extension 'powershell' for command environment: Not usable outside of PowerShell
[0.208s] DEBUG:colcon.colcon_core.shell:Skip shell extension 'dsv' for command environment
[0.210s] INFO:colcon.colcon_ros.task.ament_python.build:Building ROS package in '/home/wp/learn_ros/demos/use_camera_ws/src/camera_vis' with build type 'ament_python'
[0.210s] Level 1:colcon.colcon_core.shell:create_environment_hook('camera_vis', 'ament_prefix_path')
[0.211s] INFO:colcon.colcon_core.shell:Creating environment hook '/home/wp/learn_ros/demos/use_camera_ws/install/camera_vis/share/camera_vis/hook/ament_prefix_path.ps1'
[0.211s] INFO:colcon.colcon_core.shell:Creating environment descriptor '/home/wp/learn_ros/demos/use_camera_ws/install/camera_vis/share/camera_vis/hook/ament_prefix_path.dsv'
[0.211s] INFO:colcon.colcon_core.shell:Creating environment hook '/home/wp/learn_ros/demos/use_camera_ws/install/camera_vis/share/camera_vis/hook/ament_prefix_path.sh'
[0.211s] INFO:colcon.colcon_core.shell:Skip shell extension 'powershell' for command environment: Not usable outside of PowerShell
[0.211s] DEBUG:colcon.colcon_core.shell:Skip shell extension 'dsv' for command environment
[0.350s] INFO:colcon.colcon_core.task.python.build:Building Python package in '/home/wp/learn_ros/demos/use_camera_ws/src/camera_reviewer'
[0.351s] INFO:colcon.colcon_core.shell:Skip shell extension 'powershell' for command environment: Not usable outside of PowerShell
[0.351s] DEBUG:colcon.colcon_core.shell:Skip shell extension 'dsv' for command environment
[0.492s] INFO:colcon.colcon_core.task.python.build:Building Python package in '/home/wp/learn_ros/demos/use_camera_ws/src/camera_vis'
[0.493s] INFO:colcon.colcon_core.shell:Skip shell extension 'powershell' for command environment: Not usable outside of PowerShell
[0.493s] DEBUG:colcon.colcon_core.shell:Skip shell extension 'dsv' for command environment
[0.705s] DEBUG:colcon.colcon_core.event_handler.log_command:Invoking command in '/home/wp/learn_ros/demos/use_camera_ws/src/camera_vis': CONDA_PROMPT_MODIFIER=(/home/wp/env/test_env) PS1=(/home/wp/env/test_env) \[\e]0;\u@\h: \w\a\]${debian_chroot:+($debian_chroot)}\[\033[01;32m\]\u@\h\[\033[00m\]:\[\033[01;34m\]\w\[\033[00m\]\$ PYTHONPATH=/home/wp/learn_ros/demos/use_camera_ws/build/camera_vis/prefix_override:/usr/lib/python3/dist-packages/colcon_core/task/python/colcon_distutils_commands:/home/wp/learn_ros/demos/use_camera_ws/install/camera_vis/lib/python3.10/site-packages:${PYTHONPATH} /usr/bin/python3 -W ignore:setup.py install is deprecated -W ignore:easy_install command is deprecated setup.py egg_info --egg-base ../../build/camera_vis build --build-base /home/wp/learn_ros/demos/use_camera_ws/build/camera_vis/build install --record /home/wp/learn_ros/demos/use_camera_ws/build/camera_vis/install.log --single-version-externally-managed install_data
[0.706s] DEBUG:colcon.colcon_core.event_handler.log_command:Invoking command in '/home/wp/learn_ros/demos/use_camera_ws/src/camera_reviewer': CONDA_PROMPT_MODIFIER=(/home/wp/env/test_env) PS1=(/home/wp/env/test_env) \[\e]0;\u@\h: \w\a\]${debian_chroot:+($debian_chroot)}\[\033[01;32m\]\u@\h\[\033[00m\]:\[\033[01;34m\]\w\[\033[00m\]\$ PYTHONPATH=/home/wp/learn_ros/demos/use_camera_ws/build/camera_reviewer/prefix_override:/usr/lib/python3/dist-packages/colcon_core/task/python/colcon_distutils_commands:/home/wp/learn_ros/demos/use_camera_ws/install/camera_reviewer/lib/python3.10/site-packages:${PYTHONPATH} /usr/bin/python3 -W ignore:setup.py install is deprecated -W ignore:easy_install command is deprecated setup.py egg_info --egg-base ../../build/camera_reviewer build --build-base /home/wp/learn_ros/demos/use_camera_ws/build/camera_reviewer/build install --record /home/wp/learn_ros/demos/use_camera_ws/build/camera_reviewer/install.log --single-version-externally-managed install_data
[0.885s] DEBUG:colcon.colcon_core.event_handler.log_command:Invoked command in '/home/wp/learn_ros/demos/use_camera_ws/src/camera_vis' returned '0': CONDA_PROMPT_MODIFIER=(/home/wp/env/test_env) PS1=(/home/wp/env/test_env) \[\e]0;\u@\h: \w\a\]${debian_chroot:+($debian_chroot)}\[\033[01;32m\]\u@\h\[\033[00m\]:\[\033[01;34m\]\w\[\033[00m\]\$ PYTHONPATH=/home/wp/learn_ros/demos/use_camera_ws/build/camera_vis/prefix_override:/usr/lib/python3/dist-packages/colcon_core/task/python/colcon_distutils_commands:/home/wp/learn_ros/demos/use_camera_ws/install/camera_vis/lib/python3.10/site-packages:${PYTHONPATH} /usr/bin/python3 -W ignore:setup.py install is deprecated -W ignore:easy_install command is deprecated setup.py egg_info --egg-base ../../build/camera_vis build --build-base /home/wp/learn_ros/demos/use_camera_ws/build/camera_vis/build install --record /home/wp/learn_ros/demos/use_camera_ws/build/camera_vis/install.log --single-version-externally-managed install_data
[0.886s] Level 1:colcon.colcon_core.environment:checking '/home/wp/learn_ros/demos/use_camera_ws/install/camera_vis' for CMake module files
[0.886s] Level 1:colcon.colcon_core.environment:checking '/home/wp/learn_ros/demos/use_camera_ws/install/camera_vis' for CMake config files
[0.887s] Level 1:colcon.colcon_core.environment:checking '/home/wp/learn_ros/demos/use_camera_ws/install/camera_vis/lib'
[0.887s] Level 1:colcon.colcon_core.environment:checking '/home/wp/learn_ros/demos/use_camera_ws/install/camera_vis/bin'
[0.887s] Level 1:colcon.colcon_core.environment:checking '/home/wp/learn_ros/demos/use_camera_ws/install/camera_vis/lib/pkgconfig/camera_vis.pc'
[0.887s] Level 1:colcon.colcon_core.environment:checking '/home/wp/learn_ros/demos/use_camera_ws/install/camera_vis/lib/python3.10/site-packages'
[0.887s] Level 1:colcon.colcon_core.shell:create_environment_hook('camera_vis', 'pythonpath')
[0.887s] INFO:colcon.colcon_core.shell:Creating environment hook '/home/wp/learn_ros/demos/use_camera_ws/install/camera_vis/share/camera_vis/hook/pythonpath.ps1'
[0.888s] INFO:colcon.colcon_core.shell:Creating environment descriptor '/home/wp/learn_ros/demos/use_camera_ws/install/camera_vis/share/camera_vis/hook/pythonpath.dsv'
[0.888s] INFO:colcon.colcon_core.shell:Creating environment hook '/home/wp/learn_ros/demos/use_camera_ws/install/camera_vis/share/camera_vis/hook/pythonpath.sh'
[0.888s] Level 1:colcon.colcon_core.environment:checking '/home/wp/learn_ros/demos/use_camera_ws/install/camera_vis/bin'
[0.888s] Level 1:colcon.colcon_core.environment:create_environment_scripts_only(camera_vis)
[0.888s] INFO:colcon.colcon_core.shell:Creating package script '/home/wp/learn_ros/demos/use_camera_ws/install/camera_vis/share/camera_vis/package.ps1'
[0.889s] INFO:colcon.colcon_core.shell:Creating package descriptor '/home/wp/learn_ros/demos/use_camera_ws/install/camera_vis/share/camera_vis/package.dsv'
[0.889s] INFO:colcon.colcon_core.shell:Creating package script '/home/wp/learn_ros/demos/use_camera_ws/install/camera_vis/share/camera_vis/package.sh'
[0.889s] INFO:colcon.colcon_core.shell:Creating package script '/home/wp/learn_ros/demos/use_camera_ws/install/camera_vis/share/camera_vis/package.bash'
[0.889s] INFO:colcon.colcon_core.shell:Creating package script '/home/wp/learn_ros/demos/use_camera_ws/install/camera_vis/share/camera_vis/package.zsh'
[0.890s] Level 1:colcon.colcon_core.environment:create_file_with_runtime_dependencies(/home/wp/learn_ros/demos/use_camera_ws/install/camera_vis/share/colcon-core/packages/camera_vis)
[0.891s] Level 1:colcon.colcon_core.environment:checking '/home/wp/learn_ros/demos/use_camera_ws/install/camera_reviewer' for CMake module files
[0.891s] DEBUG:colcon.colcon_core.event_handler.log_command:Invoked command in '/home/wp/learn_ros/demos/use_camera_ws/src/camera_reviewer' returned '0': CONDA_PROMPT_MODIFIER=(/home/wp/env/test_env) PS1=(/home/wp/env/test_env) \[\e]0;\u@\h: \w\a\]${debian_chroot:+($debian_chroot)}\[\033[01;32m\]\u@\h\[\033[00m\]:\[\033[01;34m\]\w\[\033[00m\]\$ PYTHONPATH=/home/wp/learn_ros/demos/use_camera_ws/build/camera_reviewer/prefix_override:/usr/lib/python3/dist-packages/colcon_core/task/python/colcon_distutils_commands:/home/wp/learn_ros/demos/use_camera_ws/install/camera_reviewer/lib/python3.10/site-packages:${PYTHONPATH} /usr/bin/python3 -W ignore:setup.py install is deprecated -W ignore:easy_install command is deprecated setup.py egg_info --egg-base ../../build/camera_reviewer build --build-base /home/wp/learn_ros/demos/use_camera_ws/build/camera_reviewer/build install --record /home/wp/learn_ros/demos/use_camera_ws/build/camera_reviewer/install.log --single-version-externally-managed install_data
[0.891s] Level 1:colcon.colcon_core.environment:checking '/home/wp/learn_ros/demos/use_camera_ws/install/camera_reviewer' for CMake config files
[0.891s] Level 1:colcon.colcon_core.environment:checking '/home/wp/learn_ros/demos/use_camera_ws/install/camera_reviewer/lib'
[0.891s] Level 1:colcon.colcon_core.environment:checking '/home/wp/learn_ros/demos/use_camera_ws/install/camera_reviewer/bin'
[0.891s] Level 1:colcon.colcon_core.environment:checking '/home/wp/learn_ros/demos/use_camera_ws/install/camera_reviewer/lib/pkgconfig/camera_reviewer.pc'
[0.892s] Level 1:colcon.colcon_core.environment:checking '/home/wp/learn_ros/demos/use_camera_ws/install/camera_reviewer/lib/python3.10/site-packages'
[0.892s] Level 1:colcon.colcon_core.shell:create_environment_hook('camera_reviewer', 'pythonpath')
[0.892s] INFO:colcon.colcon_core.shell:Creating environment hook '/home/wp/learn_ros/demos/use_camera_ws/install/camera_reviewer/share/camera_reviewer/hook/pythonpath.ps1'
[0.892s] INFO:colcon.colcon_core.shell:Creating environment descriptor '/home/wp/learn_ros/demos/use_camera_ws/install/camera_reviewer/share/camera_reviewer/hook/pythonpath.dsv'
[0.892s] INFO:colcon.colcon_core.shell:Creating environment hook '/home/wp/learn_ros/demos/use_camera_ws/install/camera_reviewer/share/camera_reviewer/hook/pythonpath.sh'
[0.892s] Level 1:colcon.colcon_core.environment:checking '/home/wp/learn_ros/demos/use_camera_ws/install/camera_reviewer/bin'
[0.892s] Level 1:colcon.colcon_core.environment:create_environment_scripts_only(camera_reviewer)
[0.893s] INFO:colcon.colcon_core.shell:Creating package script '/home/wp/learn_ros/demos/use_camera_ws/install/camera_reviewer/share/camera_reviewer/package.ps1'
[0.893s] INFO:colcon.colcon_core.shell:Creating package descriptor '/home/wp/learn_ros/demos/use_camera_ws/install/camera_reviewer/share/camera_reviewer/package.dsv'
[0.893s] INFO:colcon.colcon_core.shell:Creating package script '/home/wp/learn_ros/demos/use_camera_ws/install/camera_reviewer/share/camera_reviewer/package.sh'
[0.893s] INFO:colcon.colcon_core.shell:Creating package script '/home/wp/learn_ros/demos/use_camera_ws/install/camera_reviewer/share/camera_reviewer/package.bash'
[0.893s] INFO:colcon.colcon_core.shell:Creating package script '/home/wp/learn_ros/demos/use_camera_ws/install/camera_reviewer/share/camera_reviewer/package.zsh'
[0.894s] Level 1:colcon.colcon_core.environment:create_file_with_runtime_dependencies(/home/wp/learn_ros/demos/use_camera_ws/install/camera_reviewer/share/colcon-core/packages/camera_reviewer)
[0.894s] DEBUG:colcon.colcon_parallel_executor.executor.parallel:closing loop
[0.894s] DEBUG:colcon.colcon_parallel_executor.executor.parallel:loop closed
[0.894s] DEBUG:colcon.colcon_parallel_executor.executor.parallel:run_until_complete finished with '0'
[0.894s] DEBUG:colcon.colcon_core.event_reactor:joining thread
[0.897s] INFO:colcon.colcon_core.plugin_system:Skipping extension 'colcon_notification.desktop_notification.terminal_notifier': Not used on non-Darwin systems
[0.897s] INFO:colcon.colcon_core.plugin_system:Skipping extension 'colcon_notification.desktop_notification.win32': Not used on non-Windows systems
[0.897s] INFO:colcon.colcon_notification.desktop_notification:Sending desktop notification using 'notify2'
[0.906s] DEBUG:colcon.colcon_core.event_reactor:joined thread
[0.906s] INFO:colcon.colcon_core.shell:Creating prefix script '/home/wp/learn_ros/demos/use_camera_ws/install/local_setup.ps1'
[0.907s] INFO:colcon.colcon_core.shell:Creating prefix util module '/home/wp/learn_ros/demos/use_camera_ws/install/_local_setup_util_ps1.py'
[0.908s] INFO:colcon.colcon_core.shell:Creating prefix chain script '/home/wp/learn_ros/demos/use_camera_ws/install/setup.ps1'
[0.908s] INFO:colcon.colcon_core.shell:Creating prefix script '/home/wp/learn_ros/demos/use_camera_ws/install/local_setup.sh'
[0.909s] INFO:colcon.colcon_core.shell:Creating prefix util module '/home/wp/learn_ros/demos/use_camera_ws/install/_local_setup_util_sh.py'
[0.909s] INFO:colcon.colcon_core.shell:Creating prefix chain script '/home/wp/learn_ros/demos/use_camera_ws/install/setup.sh'
[0.909s] INFO:colcon.colcon_core.shell:Creating prefix script '/home/wp/learn_ros/demos/use_camera_ws/install/local_setup.bash'
[0.910s] INFO:colcon.colcon_core.shell:Creating prefix chain script '/home/wp/learn_ros/demos/use_camera_ws/install/setup.bash'
[0.910s] INFO:colcon.colcon_core.shell:Creating prefix script '/home/wp/learn_ros/demos/use_camera_ws/install/local_setup.zsh'
[0.910s] INFO:colcon.colcon_core.shell:Creating prefix chain script '/home/wp/learn_ros/demos/use_camera_ws/install/setup.zsh'
