running egg_info
creating ../../build/package_nodes/package_nodes.egg-info
writing ../../build/package_nodes/package_nodes.egg-info/PKG-INFO
writing dependency_links to ../../build/package_nodes/package_nodes.egg-info/dependency_links.txt
writing entry points to ../../build/package_nodes/package_nodes.egg-info/entry_points.txt
writing requirements to ../../build/package_nodes/package_nodes.egg-info/requires.txt
writing top-level names to ../../build/package_nodes/package_nodes.egg-info/top_level.txt
writing manifest file '../../build/package_nodes/package_nodes.egg-info/SOURCES.txt'
reading manifest file '../../build/package_nodes/package_nodes.egg-info/SOURCES.txt'
adding license file 'LICENSE'
writing manifest file '../../build/package_nodes/package_nodes.egg-info/SOURCES.txt'
running build
running build_py
creating /home/wp/learn_ros/chapter04/ws/build/package_nodes/build
creating /home/wp/learn_ros/chapter04/ws/build/package_nodes/build/lib
creating /home/wp/learn_ros/chapter04/ws/build/package_nodes/build/lib/package_nodes
copying package_nodes/__init__.py -> /home/wp/learn_ros/chapter04/ws/build/package_nodes/build/lib/package_nodes
copying package_nodes/node4.py -> /home/wp/learn_ros/chapter04/ws/build/package_nodes/build/lib/package_nodes
running install
running install_lib
creating /home/wp/learn_ros/chapter04/ws/install/package_nodes/lib/python3.10/site-packages/package_nodes
copying /home/wp/learn_ros/chapter04/ws/build/package_nodes/build/lib/package_nodes/__init__.py -> /home/wp/learn_ros/chapter04/ws/install/package_nodes/lib/python3.10/site-packages/package_nodes
copying /home/wp/learn_ros/chapter04/ws/build/package_nodes/build/lib/package_nodes/node4.py -> /home/wp/learn_ros/chapter04/ws/install/package_nodes/lib/python3.10/site-packages/package_nodes
byte-compiling /home/wp/learn_ros/chapter04/ws/install/package_nodes/lib/python3.10/site-packages/package_nodes/__init__.py to __init__.cpython-310.pyc
byte-compiling /home/wp/learn_ros/chapter04/ws/install/package_nodes/lib/python3.10/site-packages/package_nodes/node4.py to node4.cpython-310.pyc
running install_data
creating /home/wp/learn_ros/chapter04/ws/install/package_nodes/share/ament_index
creating /home/wp/learn_ros/chapter04/ws/install/package_nodes/share/ament_index/resource_index
creating /home/wp/learn_ros/chapter04/ws/install/package_nodes/share/ament_index/resource_index/packages
copying resource/package_nodes -> /home/wp/learn_ros/chapter04/ws/install/package_nodes/share/ament_index/resource_index/packages
copying package.xml -> /home/wp/learn_ros/chapter04/ws/install/package_nodes/share/package_nodes
running install_egg_info
Copying ../../build/package_nodes/package_nodes.egg-info to /home/wp/learn_ros/chapter04/ws/install/package_nodes/lib/python3.10/site-packages/package_nodes-0.0.0-py3.10.egg-info
running install_scripts
Installing node4 script to /home/wp/learn_ros/chapter04/ws/install/package_nodes/lib/package_nodes
writing list of installed files to '/home/wp/learn_ros/chapter04/ws/build/package_nodes/install.log'
