[0.386s] Invoking command in '/home/wp/learn_ros/chapter04/ws/src/package_nodes': PYTHONPATH=/home/wp/learn_ros/chapter04/ws/build/package_nodes/prefix_override:/usr/lib/python3/dist-packages/colcon_core/task/python/colcon_distutils_commands:/home/wp/learn_ros/chapter04/ws/install/package_nodes/lib/python3.10/site-packages:${PYTHONPATH} /usr/bin/python3 -W ignore:setup.py install is deprecated -W ignore:easy_install command is deprecated setup.py egg_info --egg-base ../../build/package_nodes build --build-base /home/wp/learn_ros/chapter04/ws/build/package_nodes/build install --record /home/wp/learn_ros/chapter04/ws/build/package_nodes/install.log --single-version-externally-managed install_data
[0.541s] running egg_info
[0.541s] creating ../../build/package_nodes/package_nodes.egg-info
[0.541s] writing ../../build/package_nodes/package_nodes.egg-info/PKG-INFO
[0.541s] writing dependency_links to ../../build/package_nodes/package_nodes.egg-info/dependency_links.txt
[0.541s] writing entry points to ../../build/package_nodes/package_nodes.egg-info/entry_points.txt
[0.541s] writing requirements to ../../build/package_nodes/package_nodes.egg-info/requires.txt
[0.541s] writing top-level names to ../../build/package_nodes/package_nodes.egg-info/top_level.txt
[0.541s] writing manifest file '../../build/package_nodes/package_nodes.egg-info/SOURCES.txt'
[0.543s] reading manifest file '../../build/package_nodes/package_nodes.egg-info/SOURCES.txt'
[0.543s] adding license file 'LICENSE'
[0.543s] writing manifest file '../../build/package_nodes/package_nodes.egg-info/SOURCES.txt'
[0.543s] running build
[0.543s] running build_py
[0.543s] creating /home/wp/learn_ros/chapter04/ws/build/package_nodes/build
[0.543s] creating /home/wp/learn_ros/chapter04/ws/build/package_nodes/build/lib
[0.543s] creating /home/wp/learn_ros/chapter04/ws/build/package_nodes/build/lib/package_nodes
[0.543s] copying package_nodes/__init__.py -> /home/wp/learn_ros/chapter04/ws/build/package_nodes/build/lib/package_nodes
[0.543s] copying package_nodes/node4.py -> /home/wp/learn_ros/chapter04/ws/build/package_nodes/build/lib/package_nodes
[0.543s] running install
[0.543s] running install_lib
[0.544s] creating /home/wp/learn_ros/chapter04/ws/install/package_nodes/lib/python3.10/site-packages/package_nodes
[0.544s] copying /home/wp/learn_ros/chapter04/ws/build/package_nodes/build/lib/package_nodes/__init__.py -> /home/wp/learn_ros/chapter04/ws/install/package_nodes/lib/python3.10/site-packages/package_nodes
[0.544s] copying /home/wp/learn_ros/chapter04/ws/build/package_nodes/build/lib/package_nodes/node4.py -> /home/wp/learn_ros/chapter04/ws/install/package_nodes/lib/python3.10/site-packages/package_nodes
[0.544s] byte-compiling /home/wp/learn_ros/chapter04/ws/install/package_nodes/lib/python3.10/site-packages/package_nodes/__init__.py to __init__.cpython-310.pyc
[0.544s] byte-compiling /home/wp/learn_ros/chapter04/ws/install/package_nodes/lib/python3.10/site-packages/package_nodes/node4.py to node4.cpython-310.pyc
[0.545s] running install_data
[0.545s] creating /home/wp/learn_ros/chapter04/ws/install/package_nodes/share/ament_index
[0.545s] creating /home/wp/learn_ros/chapter04/ws/install/package_nodes/share/ament_index/resource_index
[0.545s] creating /home/wp/learn_ros/chapter04/ws/install/package_nodes/share/ament_index/resource_index/packages
[0.545s] copying resource/package_nodes -> /home/wp/learn_ros/chapter04/ws/install/package_nodes/share/ament_index/resource_index/packages
[0.545s] copying package.xml -> /home/wp/learn_ros/chapter04/ws/install/package_nodes/share/package_nodes
[0.545s] running install_egg_info
[0.547s] Copying ../../build/package_nodes/package_nodes.egg-info to /home/wp/learn_ros/chapter04/ws/install/package_nodes/lib/python3.10/site-packages/package_nodes-0.0.0-py3.10.egg-info
[0.547s] running install_scripts
[0.561s] Installing node4 script to /home/wp/learn_ros/chapter04/ws/install/package_nodes/lib/package_nodes
[0.561s] writing list of installed files to '/home/wp/learn_ros/chapter04/ws/build/package_nodes/install.log'
[0.576s] Invoked command in '/home/wp/learn_ros/chapter04/ws/src/package_nodes' returned '0': PYTHONPATH=/home/wp/learn_ros/chapter04/ws/build/package_nodes/prefix_override:/usr/lib/python3/dist-packages/colcon_core/task/python/colcon_distutils_commands:/home/wp/learn_ros/chapter04/ws/install/package_nodes/lib/python3.10/site-packages:${PYTHONPATH} /usr/bin/python3 -W ignore:setup.py install is deprecated -W ignore:easy_install command is deprecated setup.py egg_info --egg-base ../../build/package_nodes build --build-base /home/wp/learn_ros/chapter04/ws/build/package_nodes/build install --record /home/wp/learn_ros/chapter04/ws/build/package_nodes/install.log --single-version-externally-managed install_data
