running egg_info
creating ../../build/example_topic/example_topic.egg-info
writing ../../build/example_topic/example_topic.egg-info/PKG-INFO
writing dependency_links to ../../build/example_topic/example_topic.egg-info/dependency_links.txt
writing entry points to ../../build/example_topic/example_topic.egg-info/entry_points.txt
writing requirements to ../../build/example_topic/example_topic.egg-info/requires.txt
writing top-level names to ../../build/example_topic/example_topic.egg-info/top_level.txt
writing manifest file '../../build/example_topic/example_topic.egg-info/SOURCES.txt'
reading manifest file '../../build/example_topic/example_topic.egg-info/SOURCES.txt'
adding license file 'LICENSE'
writing manifest file '../../build/example_topic/example_topic.egg-info/SOURCES.txt'
running build
running build_py
creating /home/wp/learn_ros/chapter05/ws/build/example_topic/build
creating /home/wp/learn_ros/chapter05/ws/build/example_topic/build/lib
creating /home/wp/learn_ros/chapter05/ws/build/example_topic/build/lib/example_topic
copying example_topic/__init__.py -> /home/wp/learn_ros/chapter05/ws/build/example_topic/build/lib/example_topic
copying example_topic/topic_publish_node.py -> /home/wp/learn_ros/chapter05/ws/build/example_topic/build/lib/example_topic
copying example_topic/topic_subscribe_node.py -> /home/wp/learn_ros/chapter05/ws/build/example_topic/build/lib/example_topic
running install
running install_lib
creating /home/wp/learn_ros/chapter05/ws/install/example_topic/lib/python3.10/site-packages/example_topic
copying /home/wp/learn_ros/chapter05/ws/build/example_topic/build/lib/example_topic/__init__.py -> /home/wp/learn_ros/chapter05/ws/install/example_topic/lib/python3.10/site-packages/example_topic
copying /home/wp/learn_ros/chapter05/ws/build/example_topic/build/lib/example_topic/topic_publish_node.py -> /home/wp/learn_ros/chapter05/ws/install/example_topic/lib/python3.10/site-packages/example_topic
copying /home/wp/learn_ros/chapter05/ws/build/example_topic/build/lib/example_topic/topic_subscribe_node.py -> /home/wp/learn_ros/chapter05/ws/install/example_topic/lib/python3.10/site-packages/example_topic
byte-compiling /home/wp/learn_ros/chapter05/ws/install/example_topic/lib/python3.10/site-packages/example_topic/__init__.py to __init__.cpython-310.pyc
byte-compiling /home/wp/learn_ros/chapter05/ws/install/example_topic/lib/python3.10/site-packages/example_topic/topic_publish_node.py to topic_publish_node.cpython-310.pyc
byte-compiling /home/wp/learn_ros/chapter05/ws/install/example_topic/lib/python3.10/site-packages/example_topic/topic_subscribe_node.py to topic_subscribe_node.cpython-310.pyc
running install_data
creating /home/wp/learn_ros/chapter05/ws/install/example_topic/share/ament_index
creating /home/wp/learn_ros/chapter05/ws/install/example_topic/share/ament_index/resource_index
creating /home/wp/learn_ros/chapter05/ws/install/example_topic/share/ament_index/resource_index/packages
copying resource/example_topic -> /home/wp/learn_ros/chapter05/ws/install/example_topic/share/ament_index/resource_index/packages
copying package.xml -> /home/wp/learn_ros/chapter05/ws/install/example_topic/share/example_topic
running install_egg_info
Copying ../../build/example_topic/example_topic.egg-info to /home/wp/learn_ros/chapter05/ws/install/example_topic/lib/python3.10/site-packages/example_topic-0.0.0-py3.10.egg-info
running install_scripts
Installing topic_publish_node script to /home/wp/learn_ros/chapter05/ws/install/example_topic/lib/example_topic
Installing topic_subscribe_node script to /home/wp/learn_ros/chapter05/ws/install/example_topic/lib/example_topic
writing list of installed files to '/home/wp/learn_ros/chapter05/ws/build/example_topic/install.log'
