[0.500s] Invoking command in '/home/wp/learn_ros/demos/use_camera_ws/src/camera_reviewer': CONDA_PROMPT_MODIFIER=(/home/wp/env/test_env) PS1=(/home/wp/env/test_env) \[\e]0;\u@\h: \w\a\]${debian_chroot:+($debian_chroot)}\[\033[01;32m\]\u@\h\[\033[00m\]:\[\033[01;34m\]\w\[\033[00m\]\$ PYTHONPATH=/home/wp/learn_ros/demos/use_camera_ws/build/camera_reviewer/prefix_override:/usr/lib/python3/dist-packages/colcon_core/task/python/colcon_distutils_commands:/home/wp/learn_ros/demos/use_camera_ws/install/camera_reviewer/lib/python3.10/site-packages:${PYTHONPATH} /usr/bin/python3 -W ignore:setup.py install is deprecated -W ignore:easy_install command is deprecated setup.py egg_info --egg-base ../../build/camera_reviewer build --build-base /home/wp/learn_ros/demos/use_camera_ws/build/camera_reviewer/build install --record /home/wp/learn_ros/demos/use_camera_ws/build/camera_reviewer/install.log --single-version-externally-managed install_data
[0.645s] running egg_info
[0.645s] creating ../../build/camera_reviewer/camera_reviewer.egg-info
[0.645s] writing ../../build/camera_reviewer/camera_reviewer.egg-info/PKG-INFO
[0.646s] writing dependency_links to ../../build/camera_reviewer/camera_reviewer.egg-info/dependency_links.txt
[0.646s] writing entry points to ../../build/camera_reviewer/camera_reviewer.egg-info/entry_points.txt
[0.646s] writing requirements to ../../build/camera_reviewer/camera_reviewer.egg-info/requires.txt
[0.646s] writing top-level names to ../../build/camera_reviewer/camera_reviewer.egg-info/top_level.txt
[0.646s] writing manifest file '../../build/camera_reviewer/camera_reviewer.egg-info/SOURCES.txt'
[0.647s] reading manifest file '../../build/camera_reviewer/camera_reviewer.egg-info/SOURCES.txt'
[0.647s] writing manifest file '../../build/camera_reviewer/camera_reviewer.egg-info/SOURCES.txt'
[0.647s] running build
[0.647s] running build_py
[0.647s] creating /home/wp/learn_ros/demos/use_camera_ws/build/camera_reviewer/build
[0.648s] creating /home/wp/learn_ros/demos/use_camera_ws/build/camera_reviewer/build/lib
[0.648s] creating /home/wp/learn_ros/demos/use_camera_ws/build/camera_reviewer/build/lib/camera_reviewer
[0.648s] copying camera_reviewer/camera_review_publisher.py -> /home/wp/learn_ros/demos/use_camera_ws/build/camera_reviewer/build/lib/camera_reviewer
[0.648s] copying camera_reviewer/__init__.py -> /home/wp/learn_ros/demos/use_camera_ws/build/camera_reviewer/build/lib/camera_reviewer
[0.648s] running install
[0.648s] running install_lib
[0.648s] creating /home/wp/learn_ros/demos/use_camera_ws/install/camera_reviewer/lib/python3.10/site-packages/camera_reviewer
[0.648s] copying /home/wp/learn_ros/demos/use_camera_ws/build/camera_reviewer/build/lib/camera_reviewer/camera_review_publisher.py -> /home/wp/learn_ros/demos/use_camera_ws/install/camera_reviewer/lib/python3.10/site-packages/camera_reviewer
[0.648s] copying /home/wp/learn_ros/demos/use_camera_ws/build/camera_reviewer/build/lib/camera_reviewer/__init__.py -> /home/wp/learn_ros/demos/use_camera_ws/install/camera_reviewer/lib/python3.10/site-packages/camera_reviewer
[0.649s] byte-compiling /home/wp/learn_ros/demos/use_camera_ws/install/camera_reviewer/lib/python3.10/site-packages/camera_reviewer/camera_review_publisher.py to camera_review_publisher.cpython-310.pyc
[0.649s] byte-compiling /home/wp/learn_ros/demos/use_camera_ws/install/camera_reviewer/lib/python3.10/site-packages/camera_reviewer/__init__.py to __init__.cpython-310.pyc
[0.649s] running install_data
[0.649s] creating /home/wp/learn_ros/demos/use_camera_ws/install/camera_reviewer/share/ament_index
[0.649s] creating /home/wp/learn_ros/demos/use_camera_ws/install/camera_reviewer/share/ament_index/resource_index
[0.649s] creating /home/wp/learn_ros/demos/use_camera_ws/install/camera_reviewer/share/ament_index/resource_index/packages
[0.649s] copying resource/camera_reviewer -> /home/wp/learn_ros/demos/use_camera_ws/install/camera_reviewer/share/ament_index/resource_index/packages
[0.649s] copying package.xml -> /home/wp/learn_ros/demos/use_camera_ws/install/camera_reviewer/share/camera_reviewer
[0.649s] running install_egg_info
[0.651s] Copying ../../build/camera_reviewer/camera_reviewer.egg-info to /home/wp/learn_ros/demos/use_camera_ws/install/camera_reviewer/lib/python3.10/site-packages/camera_reviewer-0.0.0-py3.10.egg-info
[0.651s] running install_scripts
[0.665s] Installing camera_publiser script to /home/wp/learn_ros/demos/use_camera_ws/install/camera_reviewer/lib/camera_reviewer
[0.665s] writing list of installed files to '/home/wp/learn_ros/demos/use_camera_ws/build/camera_reviewer/install.log'
[0.685s] Invoked command in '/home/wp/learn_ros/demos/use_camera_ws/src/camera_reviewer' returned '0': CONDA_PROMPT_MODIFIER=(/home/wp/env/test_env) PS1=(/home/wp/env/test_env) \[\e]0;\u@\h: \w\a\]${debian_chroot:+($debian_chroot)}\[\033[01;32m\]\u@\h\[\033[00m\]:\[\033[01;34m\]\w\[\033[00m\]\$ PYTHONPATH=/home/wp/learn_ros/demos/use_camera_ws/build/camera_reviewer/prefix_override:/usr/lib/python3/dist-packages/colcon_core/task/python/colcon_distutils_commands:/home/wp/learn_ros/demos/use_camera_ws/install/camera_reviewer/lib/python3.10/site-packages:${PYTHONPATH} /usr/bin/python3 -W ignore:setup.py install is deprecated -W ignore:easy_install command is deprecated setup.py egg_info --egg-base ../../build/camera_reviewer build --build-base /home/wp/learn_ros/demos/use_camera_ws/build/camera_reviewer/build install --record /home/wp/learn_ros/demos/use_camera_ws/build/camera_reviewer/install.log --single-version-externally-managed install_data
