[0.494s] Invoking command in '/home/wp/learn_ros/demos/use_camera_ws/src/camera_vis': CONDA_PROMPT_MODIFIER=(/home/wp/env/test_env) PS1=(/home/wp/env/test_env) \[\e]0;\u@\h: \w\a\]${debian_chroot:+($debian_chroot)}\[\033[01;32m\]\u@\h\[\033[00m\]:\[\033[01;34m\]\w\[\033[00m\]\$ PYTHONPATH=/home/wp/learn_ros/demos/use_camera_ws/build/camera_vis/prefix_override:/usr/lib/python3/dist-packages/colcon_core/task/python/colcon_distutils_commands:/home/wp/learn_ros/demos/use_camera_ws/install/camera_vis/lib/python3.10/site-packages:${PYTHONPATH} /usr/bin/python3 -W ignore:setup.py install is deprecated -W ignore:easy_install command is deprecated setup.py egg_info --egg-base ../../build/camera_vis build --build-base /home/wp/learn_ros/demos/use_camera_ws/build/camera_vis/build install --record /home/wp/learn_ros/demos/use_camera_ws/build/camera_vis/install.log --single-version-externally-managed install_data
[0.639s] running egg_info
[0.639s] creating ../../build/camera_vis/camera_vis.egg-info
[0.639s] writing ../../build/camera_vis/camera_vis.egg-info/PKG-INFO
[0.639s] writing dependency_links to ../../build/camera_vis/camera_vis.egg-info/dependency_links.txt
[0.639s] writing entry points to ../../build/camera_vis/camera_vis.egg-info/entry_points.txt
[0.639s] writing requirements to ../../build/camera_vis/camera_vis.egg-info/requires.txt
[0.639s] writing top-level names to ../../build/camera_vis/camera_vis.egg-info/top_level.txt
[0.640s] writing manifest file '../../build/camera_vis/camera_vis.egg-info/SOURCES.txt'
[0.641s] reading manifest file '../../build/camera_vis/camera_vis.egg-info/SOURCES.txt'
[0.641s] writing manifest file '../../build/camera_vis/camera_vis.egg-info/SOURCES.txt'
[0.641s] running build
[0.641s] running build_py
[0.642s] creating /home/wp/learn_ros/demos/use_camera_ws/build/camera_vis/build
[0.642s] creating /home/wp/learn_ros/demos/use_camera_ws/build/camera_vis/build/lib
[0.642s] creating /home/wp/learn_ros/demos/use_camera_ws/build/camera_vis/build/lib/camera_vis
[0.642s] copying camera_vis/camera_Img_sub.py -> /home/wp/learn_ros/demos/use_camera_ws/build/camera_vis/build/lib/camera_vis
[0.642s] copying camera_vis/__init__.py -> /home/wp/learn_ros/demos/use_camera_ws/build/camera_vis/build/lib/camera_vis
[0.642s] running install
[0.642s] running install_lib
[0.643s] creating /home/wp/learn_ros/demos/use_camera_ws/install/camera_vis/lib/python3.10/site-packages/camera_vis
[0.643s] copying /home/wp/learn_ros/demos/use_camera_ws/build/camera_vis/build/lib/camera_vis/camera_Img_sub.py -> /home/wp/learn_ros/demos/use_camera_ws/install/camera_vis/lib/python3.10/site-packages/camera_vis
[0.643s] copying /home/wp/learn_ros/demos/use_camera_ws/build/camera_vis/build/lib/camera_vis/__init__.py -> /home/wp/learn_ros/demos/use_camera_ws/install/camera_vis/lib/python3.10/site-packages/camera_vis
[0.643s] byte-compiling /home/wp/learn_ros/demos/use_camera_ws/install/camera_vis/lib/python3.10/site-packages/camera_vis/camera_Img_sub.py to camera_Img_sub.cpython-310.pyc
[0.643s] byte-compiling /home/wp/learn_ros/demos/use_camera_ws/install/camera_vis/lib/python3.10/site-packages/camera_vis/__init__.py to __init__.cpython-310.pyc
[0.643s] running install_data
[0.643s] creating /home/wp/learn_ros/demos/use_camera_ws/install/camera_vis/share/ament_index
[0.644s] creating /home/wp/learn_ros/demos/use_camera_ws/install/camera_vis/share/ament_index/resource_index
[0.644s] creating /home/wp/learn_ros/demos/use_camera_ws/install/camera_vis/share/ament_index/resource_index/packages
[0.644s] copying resource/camera_vis -> /home/wp/learn_ros/demos/use_camera_ws/install/camera_vis/share/ament_index/resource_index/packages
[0.644s] copying package.xml -> /home/wp/learn_ros/demos/use_camera_ws/install/camera_vis/share/camera_vis
[0.644s] running install_egg_info
[0.645s] Copying ../../build/camera_vis/camera_vis.egg-info to /home/wp/learn_ros/demos/use_camera_ws/install/camera_vis/lib/python3.10/site-packages/camera_vis-0.0.0-py3.10.egg-info
[0.646s] running install_scripts
[0.659s] Installing camera_subscriber script to /home/wp/learn_ros/demos/use_camera_ws/install/camera_vis/lib/camera_vis
[0.659s] writing list of installed files to '/home/wp/learn_ros/demos/use_camera_ws/build/camera_vis/install.log'
[0.674s] Invoked command in '/home/wp/learn_ros/demos/use_camera_ws/src/camera_vis' returned '0': CONDA_PROMPT_MODIFIER=(/home/wp/env/test_env) PS1=(/home/wp/env/test_env) \[\e]0;\u@\h: \w\a\]${debian_chroot:+($debian_chroot)}\[\033[01;32m\]\u@\h\[\033[00m\]:\[\033[01;34m\]\w\[\033[00m\]\$ PYTHONPATH=/home/wp/learn_ros/demos/use_camera_ws/build/camera_vis/prefix_override:/usr/lib/python3/dist-packages/colcon_core/task/python/colcon_distutils_commands:/home/wp/learn_ros/demos/use_camera_ws/install/camera_vis/lib/python3.10/site-packages:${PYTHONPATH} /usr/bin/python3 -W ignore:setup.py install is deprecated -W ignore:easy_install command is deprecated setup.py egg_info --egg-base ../../build/camera_vis build --build-base /home/wp/learn_ros/demos/use_camera_ws/build/camera_vis/build install --record /home/wp/learn_ros/demos/use_camera_ws/build/camera_vis/install.log --single-version-externally-managed install_data
