running egg_info
creating ../../build/myservice/myservice.egg-info
writing ../../build/myservice/myservice.egg-info/PKG-INFO
writing dependency_links to ../../build/myservice/myservice.egg-info/dependency_links.txt
writing entry points to ../../build/myservice/myservice.egg-info/entry_points.txt
writing requirements to ../../build/myservice/myservice.egg-info/requires.txt
writing top-level names to ../../build/myservice/myservice.egg-info/top_level.txt
writing manifest file '../../build/myservice/myservice.egg-info/SOURCES.txt'
reading manifest file '../../build/myservice/myservice.egg-info/SOURCES.txt'
adding license file 'LICENSE'
writing manifest file '../../build/myservice/myservice.egg-info/SOURCES.txt'
running build
running build_py
creating /home/wp/learn_ros/chapter06/ws/build/myservice/build
creating /home/wp/learn_ros/chapter06/ws/build/myservice/build/lib
creating /home/wp/learn_ros/chapter06/ws/build/myservice/build/lib/myservice
copying myservice/simple_client.py -> /home/wp/learn_ros/chapter06/ws/build/myservice/build/lib/myservice
copying myservice/__init__.py -> /home/wp/learn_ros/chapter06/ws/build/myservice/build/lib/myservice
copying myservice/simple_service.py -> /home/wp/learn_ros/chapter06/ws/build/myservice/build/lib/myservice
running install
running install_lib
creating /home/wp/learn_ros/chapter06/ws/install/myservice/lib/python3.10/site-packages/myservice
copying /home/wp/learn_ros/chapter06/ws/build/myservice/build/lib/myservice/simple_client.py -> /home/wp/learn_ros/chapter06/ws/install/myservice/lib/python3.10/site-packages/myservice
copying /home/wp/learn_ros/chapter06/ws/build/myservice/build/lib/myservice/__init__.py -> /home/wp/learn_ros/chapter06/ws/install/myservice/lib/python3.10/site-packages/myservice
copying /home/wp/learn_ros/chapter06/ws/build/myservice/build/lib/myservice/simple_service.py -> /home/wp/learn_ros/chapter06/ws/install/myservice/lib/python3.10/site-packages/myservice
byte-compiling /home/wp/learn_ros/chapter06/ws/install/myservice/lib/python3.10/site-packages/myservice/simple_client.py to simple_client.cpython-310.pyc
byte-compiling /home/wp/learn_ros/chapter06/ws/install/myservice/lib/python3.10/site-packages/myservice/__init__.py to __init__.cpython-310.pyc
byte-compiling /home/wp/learn_ros/chapter06/ws/install/myservice/lib/python3.10/site-packages/myservice/simple_service.py to simple_service.cpython-310.pyc
running install_data
creating /home/wp/learn_ros/chapter06/ws/install/myservice/share/ament_index
creating /home/wp/learn_ros/chapter06/ws/install/myservice/share/ament_index/resource_index
creating /home/wp/learn_ros/chapter06/ws/install/myservice/share/ament_index/resource_index/packages
copying resource/myservice -> /home/wp/learn_ros/chapter06/ws/install/myservice/share/ament_index/resource_index/packages
copying package.xml -> /home/wp/learn_ros/chapter06/ws/install/myservice/share/myservice
creating /home/wp/learn_ros/chapter06/ws/install/myservice/share/myservice/srv
copying srv/MyService.srv -> /home/wp/learn_ros/chapter06/ws/install/myservice/share/myservice/srv
running install_egg_info
Copying ../../build/myservice/myservice.egg-info to /home/wp/learn_ros/chapter06/ws/install/myservice/lib/python3.10/site-packages/myservice-0.0.0-py3.10.egg-info
running install_scripts
Installing clientNode script to /home/wp/learn_ros/chapter06/ws/install/myservice/lib/myservice
Installing serviceNode script to /home/wp/learn_ros/chapter06/ws/install/myservice/lib/myservice
writing list of installed files to '/home/wp/learn_ros/chapter06/ws/build/myservice/install.log'
