running egg_info
creating ../../build/demo2_pkg/demo2_pkg.egg-info
writing ../../build/demo2_pkg/demo2_pkg.egg-info/PKG-INFO
writing dependency_links to ../../build/demo2_pkg/demo2_pkg.egg-info/dependency_links.txt
writing entry points to ../../build/demo2_pkg/demo2_pkg.egg-info/entry_points.txt
writing requirements to ../../build/demo2_pkg/demo2_pkg.egg-info/requires.txt
writing top-level names to ../../build/demo2_pkg/demo2_pkg.egg-info/top_level.txt
writing manifest file '../../build/demo2_pkg/demo2_pkg.egg-info/SOURCES.txt'
reading manifest file '../../build/demo2_pkg/demo2_pkg.egg-info/SOURCES.txt'
adding license file 'LICENSE'
writing manifest file '../../build/demo2_pkg/demo2_pkg.egg-info/SOURCES.txt'
running build
running build_py
creating /home/wp/learn_ros/chapter03/ws/build/demo2_pkg/build
creating /home/wp/learn_ros/chapter03/ws/build/demo2_pkg/build/lib
creating /home/wp/learn_ros/chapter03/ws/build/demo2_pkg/build/lib/demo2_pkg
copying demo2_pkg/__init__.py -> /home/wp/learn_ros/chapter03/ws/build/demo2_pkg/build/lib/demo2_pkg
running install
running install_lib
creating /home/wp/learn_ros/chapter03/ws/install/demo2_pkg/lib/python3.10/site-packages/demo2_pkg
copying /home/wp/learn_ros/chapter03/ws/build/demo2_pkg/build/lib/demo2_pkg/__init__.py -> /home/wp/learn_ros/chapter03/ws/install/demo2_pkg/lib/python3.10/site-packages/demo2_pkg
byte-compiling /home/wp/learn_ros/chapter03/ws/install/demo2_pkg/lib/python3.10/site-packages/demo2_pkg/__init__.py to __init__.cpython-310.pyc
running install_data
creating /home/wp/learn_ros/chapter03/ws/install/demo2_pkg/share/ament_index
creating /home/wp/learn_ros/chapter03/ws/install/demo2_pkg/share/ament_index/resource_index
creating /home/wp/learn_ros/chapter03/ws/install/demo2_pkg/share/ament_index/resource_index/packages
copying resource/demo2_pkg -> /home/wp/learn_ros/chapter03/ws/install/demo2_pkg/share/ament_index/resource_index/packages
copying package.xml -> /home/wp/learn_ros/chapter03/ws/install/demo2_pkg/share/demo2_pkg
running install_egg_info
Copying ../../build/demo2_pkg/demo2_pkg.egg-info to /home/wp/learn_ros/chapter03/ws/install/demo2_pkg/lib/python3.10/site-packages/demo2_pkg-0.0.0-py3.10.egg-info
running install_scripts
writing list of installed files to '/home/wp/learn_ros/chapter03/ws/build/demo2_pkg/install.log'
