[0.390s] Invoking command in '/home/wp/learn_ros/chapter03/ws/src/demo2_pkg': AMENT_PREFIX_PATH=/home/wp/learn_ros/chapter03/ws/install/demo_pkg:${AMENT_PREFIX_PATH} PYTHONPATH=/home/wp/learn_ros/chapter03/ws/build/demo2_pkg/prefix_override:/usr/lib/python3/dist-packages/colcon_core/task/python/colcon_distutils_commands:/home/wp/learn_ros/chapter03/ws/install/demo2_pkg/lib/python3.10/site-packages:/home/wp/learn_ros/chapter03/ws/install/demo_pkg/lib/python3.10/site-packages:${PYTHONPATH} /usr/bin/python3 -W ignore:setup.py install is deprecated -W ignore:easy_install command is deprecated setup.py egg_info --egg-base ../../build/demo2_pkg build --build-base /home/wp/learn_ros/chapter03/ws/build/demo2_pkg/build install --record /home/wp/learn_ros/chapter03/ws/build/demo2_pkg/install.log --single-version-externally-managed install_data
[0.533s] running egg_info
[0.533s] creating ../../build/demo2_pkg/demo2_pkg.egg-info
[0.533s] writing ../../build/demo2_pkg/demo2_pkg.egg-info/PKG-INFO
[0.533s] writing dependency_links to ../../build/demo2_pkg/demo2_pkg.egg-info/dependency_links.txt
[0.533s] writing entry points to ../../build/demo2_pkg/demo2_pkg.egg-info/entry_points.txt
[0.533s] writing requirements to ../../build/demo2_pkg/demo2_pkg.egg-info/requires.txt
[0.533s] writing top-level names to ../../build/demo2_pkg/demo2_pkg.egg-info/top_level.txt
[0.533s] writing manifest file '../../build/demo2_pkg/demo2_pkg.egg-info/SOURCES.txt'
[0.534s] reading manifest file '../../build/demo2_pkg/demo2_pkg.egg-info/SOURCES.txt'
[0.534s] adding license file 'LICENSE'
[0.535s] writing manifest file '../../build/demo2_pkg/demo2_pkg.egg-info/SOURCES.txt'
[0.535s] running build
[0.535s] running build_py
[0.535s] creating /home/wp/learn_ros/chapter03/ws/build/demo2_pkg/build
[0.535s] creating /home/wp/learn_ros/chapter03/ws/build/demo2_pkg/build/lib
[0.535s] creating /home/wp/learn_ros/chapter03/ws/build/demo2_pkg/build/lib/demo2_pkg
[0.535s] copying demo2_pkg/__init__.py -> /home/wp/learn_ros/chapter03/ws/build/demo2_pkg/build/lib/demo2_pkg
[0.535s] running install
[0.535s] running install_lib
[0.536s] creating /home/wp/learn_ros/chapter03/ws/install/demo2_pkg/lib/python3.10/site-packages/demo2_pkg
[0.536s] copying /home/wp/learn_ros/chapter03/ws/build/demo2_pkg/build/lib/demo2_pkg/__init__.py -> /home/wp/learn_ros/chapter03/ws/install/demo2_pkg/lib/python3.10/site-packages/demo2_pkg
[0.536s] byte-compiling /home/wp/learn_ros/chapter03/ws/install/demo2_pkg/lib/python3.10/site-packages/demo2_pkg/__init__.py to __init__.cpython-310.pyc
[0.537s] running install_data
[0.537s] creating /home/wp/learn_ros/chapter03/ws/install/demo2_pkg/share/ament_index
[0.537s] creating /home/wp/learn_ros/chapter03/ws/install/demo2_pkg/share/ament_index/resource_index
[0.537s] creating /home/wp/learn_ros/chapter03/ws/install/demo2_pkg/share/ament_index/resource_index/packages
[0.537s] copying resource/demo2_pkg -> /home/wp/learn_ros/chapter03/ws/install/demo2_pkg/share/ament_index/resource_index/packages
[0.537s] copying package.xml -> /home/wp/learn_ros/chapter03/ws/install/demo2_pkg/share/demo2_pkg
[0.537s] running install_egg_info
[0.539s] Copying ../../build/demo2_pkg/demo2_pkg.egg-info to /home/wp/learn_ros/chapter03/ws/install/demo2_pkg/lib/python3.10/site-packages/demo2_pkg-0.0.0-py3.10.egg-info
[0.539s] running install_scripts
[0.553s] writing list of installed files to '/home/wp/learn_ros/chapter03/ws/build/demo2_pkg/install.log'
[0.570s] Invoked command in '/home/wp/learn_ros/chapter03/ws/src/demo2_pkg' returned '0': AMENT_PREFIX_PATH=/home/wp/learn_ros/chapter03/ws/install/demo_pkg:${AMENT_PREFIX_PATH} PYTHONPATH=/home/wp/learn_ros/chapter03/ws/build/demo2_pkg/prefix_override:/usr/lib/python3/dist-packages/colcon_core/task/python/colcon_distutils_commands:/home/wp/learn_ros/chapter03/ws/install/demo2_pkg/lib/python3.10/site-packages:/home/wp/learn_ros/chapter03/ws/install/demo_pkg/lib/python3.10/site-packages:${PYTHONPATH} /usr/bin/python3 -W ignore:setup.py install is deprecated -W ignore:easy_install command is deprecated setup.py egg_info --egg-base ../../build/demo2_pkg build --build-base /home/wp/learn_ros/chapter03/ws/build/demo2_pkg/build install --record /home/wp/learn_ros/chapter03/ws/build/demo2_pkg/install.log --single-version-externally-managed install_data
